-------------------------------------------------------------------------------
Test set: com.noteapp.mywebapp.UserRepositoryTests
-------------------------------------------------------------------------------
Tests run: 6, Failures: 2, Errors: 2, Skipped: 0, Time elapsed: 0.058 s <<< FAILURE! - in com.noteapp.mywebapp.UserRepositoryTests
testGetEmail  Time elapsed: 0.009 s  <<< FAILURE!
java.lang.AssertionError: 

Expecting Optional to contain a value but it was empty.
	at com.noteapp.mywebapp.UserRepositoryTests.testGetEmail(UserRepositoryTests.java:105)

testAddNew  Time elapsed: 0.007 s  <<< ERROR!
org.springframework.dao.DataIntegrityViolationException: could not execute statement; SQL [n/a]; constraint [users.UK_6dotkott2kjsp8vw4d0m25fb7]
	at com.noteapp.mywebapp.UserRepositoryTests.testAddNew(UserRepositoryTests.java:41)
Caused by: org.hibernate.exception.ConstraintViolationException: could not execute statement
	at com.noteapp.mywebapp.UserRepositoryTests.testAddNew(UserRepositoryTests.java:41)
Caused by: java.sql.SQLIntegrityConstraintViolationException: Duplicate entry 'test10.test@gmail.com' for key 'users.UK_6dotkott2kjsp8vw4d0m25fb7'
	at com.noteapp.mywebapp.UserRepositoryTests.testAddNew(UserRepositoryTests.java:41)

testFindUserByEmail  Time elapsed: 0.008 s  <<< FAILURE!
java.lang.AssertionError: 

Expecting actual not to be null
	at com.noteapp.mywebapp.UserRepositoryTests.testFindUserByEmail(UserRepositoryTests.java:53)

testUpdate  Time elapsed: 0.008 s  <<< ERROR!
java.util.NoSuchElementException: No value present
	at com.noteapp.mywebapp.UserRepositoryTests.testUpdate(UserRepositoryTests.java:81)

